{"/Users/Gavinator/coding/takeHomeInterview/mesh-interview-task/serverSetup.js": {"path":"/Users/Gavinator/coding/takeHomeInterview/mesh-interview-task/serverSetup.js","statementMap":{"0":{"start":{"line":2,"column":16},"end":{"line":2,"column":34}},"1":{"start":{"line":3,"column":12},"end":{"line":3,"column":21}},"2":{"start":{"line":5,"column":0},"end":{"line":5,"column":20}}},"fnMap":{},"branchMap":{},"s":{"0":1,"1":1,"2":1},"f":{},"b":{},"_coverageSchema":"332fd63041d2c1bcb487cc26dd0d5f7d97098a6c","hash":"0d706dae2c41fe0d4708c72d935507af8421eafd"}
}
